<?xml version="1.0" encoding="UTF-8"?>
<!-- Generated by org.testng.reporters.JUnitReportReporter -->
<testsuite hostname="Abhishek" failures="0" tests="1" name="com.pdpl.qa.testcases.PropertyDetailsPageTest" time="191.731" errors="0" timestamp="2020-07-12T21:49:59 IST" skipped="0">
  <testcase classname="com.pdpl.qa.testcases.PropertyDetailsPageTest" name="proprtyInfo" time="191.731"/>
  <system-out/>
</testsuite> <!-- com.pdpl.qa.testcases.PropertyDetailsPageTest -->
