<?xml version="1.0" encoding="UTF-8"?>
<!-- Generated by org.testng.reporters.JUnitReportReporter -->
<testsuite hostname="Abhishek" failures="0" tests="1" name="com.pdpl.qa.testcases.PropertyPageTest" time="88.621" errors="0" timestamp="2020-07-08T14:32:11 IST" skipped="0">
  <testcase classname="com.pdpl.qa.testcases.PropertyPageTest" name="propertyinfo" time="88.621"/>
  <system-out/>
</testsuite> <!-- com.pdpl.qa.testcases.PropertyPageTest -->
