<?xml version="1.0" encoding="UTF-8"?>
<!-- Generated by org.testng.reporters.JUnitReportReporter -->
<testsuite hostname="Abhishek" failures="0" tests="1" name="com.pdpl.qa.testdata.LoginPageTest" time="15.321" errors="0" timestamp="2020-07-07T12:58:12 IST" skipped="0">
  <testcase classname="com.pdpl.qa.testdata.LoginPageTest" name="loginTest" time="15.321"/>
  <system-out/>
</testsuite> <!-- com.pdpl.qa.testdata.LoginPageTest -->
