<?xml version="1.0" encoding="UTF-8"?>
<!-- Generated by org.testng.reporters.JUnitReportReporter -->
<testsuite hostname="Abhishek" failures="0" tests="1" name="com.pdpl.qa.testcases.LoginPageTest" time="17.738" errors="0" timestamp="2020-07-07T15:10:55 IST" skipped="0">
  <testcase classname="com.pdpl.qa.testcases.LoginPageTest" name="loginTest" time="17.738"/>
  <system-out/>
</testsuite> <!-- com.pdpl.qa.testcases.LoginPageTest -->
