<?xml version="1.0" encoding="UTF-8"?>
<!-- Generated by org.testng.reporters.JUnitReportReporter -->
<testsuite hostname="Abhishek" failures="0" tests="1" name="com.pdpl.qa.testcases.LossHistoryInfoPageTest" time="90.234" errors="0" timestamp="2020-07-08T15:00:11 IST" skipped="0">
  <testcase classname="com.pdpl.qa.testcases.LossHistoryInfoPageTest" name="losshistory" time="90.234"/>
  <system-out/>
</testsuite> <!-- com.pdpl.qa.testcases.LossHistoryInfoPageTest -->
