<?xml version="1.0" encoding="UTF-8"?>
<!-- Generated by org.testng.reporters.JUnitReportReporter -->
<testsuite hostname="Abhishek" failures="0" tests="1" name="com.pdpl.qa.testcases.ApplicantInfoTest" time="58.501" errors="0" timestamp="2020-07-08T13:15:04 IST" skipped="0">
  <testcase classname="com.pdpl.qa.testcases.ApplicantInfoTest" name="applicant" time="58.501"/>
  <system-out/>
</testsuite> <!-- com.pdpl.qa.testcases.ApplicantInfoTest -->
